cowlitz 55595.10_Cowlitz
[bam_sort_core] merging from 0 files and 20 in-memory blocks...
cowlitz 55595.11_Cowlitz
[bam_sort_core] merging from 0 files and 20 in-memory blocks...
cowlitz 55595.12_Cowlitz
[bam_sort_core] merging from 0 files and 20 in-memory blocks...
cowlitz 55595.13_Cowlitz
[bam_sort_core] merging from 0 files and 20 in-memory blocks...
cowlitz 55595.14_Cowlitz
[bam_sort_core] merging from 0 files and 20 in-memory blocks...
cowlitz 55595.15_Cowlitz
[bam_sort_core] merging from 0 files and 20 in-memory blocks...
cowlitz 55595.16_Cowlitz
[bam_sort_core] merging from 0 files and 20 in-memory blocks...
cowlitz 55595.17_Cowlitz
[bam_sort_core] merging from 0 files and 20 in-memory blocks...
cowlitz 55595.18_Cowlitz
[bam_sort_core] merging from 0 files and 20 in-memory blocks...
cowlitz 55595.19_Cowlitz
[bam_sort_core] merging from 0 files and 20 in-memory blocks...
cowlitz 55595.1_Cowlitz
[bam_sort_core] merging from 0 files and 20 in-memory blocks...
cowlitz 55595.20_Cowlitz
[bam_sort_core] merging from 0 files and 20 in-memory blocks...
cowlitz 55595.21_Cowlitz
[bam_sort_core] merging from 0 files and 20 in-memory blocks...
cowlitz 55595.22_Cowlitz
[bam_sort_core] merging from 0 files and 20 in-memory blocks...
cowlitz 55595.23_Cowlitz
[bam_sort_core] merging from 0 files and 20 in-memory blocks...
cowlitz 55595.24_Cowlitz
[bam_sort_core] merging from 0 files and 20 in-memory blocks...
cowlitz 55595.25_Cowlitz
[bam_sort_core] merging from 0 files and 20 in-memory blocks...
cowlitz 55595.26_Cowlitz
[bam_sort_core] merging from 0 files and 20 in-memory blocks...
cowlitz 55595.27_Cowlitz
[bam_sort_core] merging from 0 files and 20 in-memory blocks...
cowlitz 55595.28_Cowlitz
[bam_sort_core] merging from 0 files and 20 in-memory blocks...
cowlitz 55595.29_Cowlitz
[bam_sort_core] merging from 0 files and 20 in-memory blocks...
cowlitz 55595.2_Cowlitz
[bam_sort_core] merging from 0 files and 20 in-memory blocks...
cowlitz 55595.30_Cowlitz
[bam_sort_core] merging from 0 files and 20 in-memory blocks...
cowlitz 55595.31_Cowlitz
[bam_sort_core] merging from 0 files and 20 in-memory blocks...
cowlitz 55595.32_Cowlitz
[bam_sort_core] merging from 0 files and 20 in-memory blocks...
cowlitz 55595.33_Cowlitz
[bam_sort_core] merging from 0 files and 20 in-memory blocks...
cowlitz 55595.34_Cowlitz
[bam_sort_core] merging from 0 files and 20 in-memory blocks...
cowlitz 55595.35_Cowlitz
[bam_sort_core] merging from 0 files and 20 in-memory blocks...
cowlitz 55595.36_Cowlitz
[bam_sort_core] merging from 0 files and 20 in-memory blocks...
cowlitz 55595.37_Cowlitz
[bam_sort_core] merging from 0 files and 20 in-memory blocks...
cowlitz 55595.38_Cowlitz
[bam_sort_core] merging from 0 files and 20 in-memory blocks...
cowlitz 55595.39_Cowlitz
[bam_sort_core] merging from 0 files and 20 in-memory blocks...
cowlitz 55595.3_Cowlitz
[bam_sort_core] merging from 0 files and 20 in-memory blocks...
cowlitz 55595.40_Cowlitz
cowlitz 55595.41_Cowlitz
[bam_sort_core] merging from 0 files and 20 in-memory blocks...
cowlitz 55595.42_Cowlitz
[bam_sort_core] merging from 0 files and 20 in-memory blocks...
cowlitz 55595.43_Cowlitz
[bam_sort_core] merging from 0 files and 20 in-memory blocks...
cowlitz 55595.44_Cowlitz
[bam_sort_core] merging from 0 files and 20 in-memory blocks...
cowlitz 55595.45_Cowlitz
[bam_sort_core] merging from 0 files and 20 in-memory blocks...
cowlitz 55595.46_Cowlitz
[bam_sort_core] merging from 0 files and 20 in-memory blocks...
cowlitz 55595.47_Cowlitz
[bam_sort_core] merging from 0 files and 20 in-memory blocks...
cowlitz 55595.48_Cowlitz
[bam_sort_core] merging from 0 files and 20 in-memory blocks...
cowlitz 55595.49_Cowlitz
[bam_sort_core] merging from 0 files and 20 in-memory blocks...
cowlitz 55595.4_Cowlitz
[bam_sort_core] merging from 0 files and 20 in-memory blocks...
cowlitz 55595.50_Cowlitz
[bam_sort_core] merging from 0 files and 20 in-memory blocks...
cowlitz 55595.51_Cowlitz
[bam_sort_core] merging from 0 files and 20 in-memory blocks...
cowlitz 55595.52_Cowlitz
cowlitz 55595.53_Cowlitz
[bam_sort_core] merging from 0 files and 20 in-memory blocks...
cowlitz 55595.54_Cowlitz
[bam_sort_core] merging from 0 files and 20 in-memory blocks...
cowlitz 55595.55_Cowlitz
[bam_sort_core] merging from 0 files and 20 in-memory blocks...
cowlitz 55595.56_Cowlitz
cowlitz 55595.57_Cowlitz
[bam_sort_core] merging from 0 files and 20 in-memory blocks...
cowlitz 55595.58_Cowlitz
[bam_sort_core] merging from 0 files and 20 in-memory blocks...
cowlitz 55595.59_Cowlitz
[bam_sort_core] merging from 0 files and 20 in-memory blocks...
cowlitz 55595.5_Cowlitz
[bam_sort_core] merging from 0 files and 20 in-memory blocks...
cowlitz 55595.60_Cowlitz
[bam_sort_core] merging from 0 files and 20 in-memory blocks...
cowlitz 55595.61_Cowlitz
[bam_sort_core] merging from 0 files and 20 in-memory blocks...
cowlitz 55595.62_Cowlitz
[bam_sort_core] merging from 0 files and 20 in-memory blocks...
cowlitz 55595.63_Cowlitz
[bam_sort_core] merging from 0 files and 20 in-memory blocks...
cowlitz 55595.64_Cowlitz
[bam_sort_core] merging from 0 files and 20 in-memory blocks...
cowlitz 55595.65_Cowlitz
[bam_sort_core] merging from 0 files and 20 in-memory blocks...
cowlitz 55595.66_Cowlitz
[bam_sort_core] merging from 0 files and 20 in-memory blocks...
cowlitz 55595.67_Cowlitz
[bam_sort_core] merging from 0 files and 20 in-memory blocks...
cowlitz 55595.68_Cowlitz
[bam_sort_core] merging from 0 files and 20 in-memory blocks...
cowlitz 55595.69_Cowlitz
[bam_sort_core] merging from 0 files and 20 in-memory blocks...
cowlitz 55595.6_Cowlitz
[bam_sort_core] merging from 0 files and 20 in-memory blocks...
cowlitz 55595.70_Cowlitz
[bam_sort_core] merging from 0 files and 20 in-memory blocks...
cowlitz 55595.71_Cowlitz
[bam_sort_core] merging from 0 files and 20 in-memory blocks...
cowlitz 55595.72_Cowlitz
[bam_sort_core] merging from 0 files and 20 in-memory blocks...
cowlitz 55595.73_Cowlitz
[bam_sort_core] merging from 0 files and 20 in-memory blocks...
cowlitz 55595.76_Cowlitz
[bam_sort_core] merging from 0 files and 20 in-memory blocks...
cowlitz 55595.77_Cowlitz
[bam_sort_core] merging from 0 files and 20 in-memory blocks...
cowlitz 55595.78_Cowlitz
[bam_sort_core] merging from 0 files and 20 in-memory blocks...
cowlitz 55595.79_Cowlitz
[bam_sort_core] merging from 0 files and 20 in-memory blocks...
cowlitz 55595.7_Cowlitz
[bam_sort_core] merging from 0 files and 20 in-memory blocks...
cowlitz 55595.80_Cowlitz
[bam_sort_core] merging from 0 files and 20 in-memory blocks...
cowlitz 55595.81_Cowlitz
[bam_sort_core] merging from 0 files and 20 in-memory blocks...
cowlitz 55595.82_Cowlitz
[bam_sort_core] merging from 0 files and 20 in-memory blocks...
cowlitz 55595.83_Cowlitz
[bam_sort_core] merging from 0 files and 20 in-memory blocks...
cowlitz 55595.84_Cowlitz
[bam_sort_core] merging from 0 files and 20 in-memory blocks...
cowlitz 55595.85_Cowlitz
[bam_sort_core] merging from 0 files and 20 in-memory blocks...
cowlitz 55595.86_Cowlitz
[bam_sort_core] merging from 0 files and 20 in-memory blocks...
cowlitz 55595.87_Cowlitz
[bam_sort_core] merging from 0 files and 20 in-memory blocks...
cowlitz 55595.88_Cowlitz
[bam_sort_core] merging from 0 files and 20 in-memory blocks...
cowlitz 55595.89_Cowlitz
[bam_sort_core] merging from 0 files and 20 in-memory blocks...
cowlitz 55595.8_Cowlitz
[bam_sort_core] merging from 0 files and 20 in-memory blocks...
cowlitz 55595.90_Cowlitz
[bam_sort_core] merging from 0 files and 20 in-memory blocks...
cowlitz 55595.91_Cowlitz
[bam_sort_core] merging from 0 files and 20 in-memory blocks...
cowlitz 55595.92_Cowlitz
[bam_sort_core] merging from 0 files and 20 in-memory blocks...
cowlitz 55595.93_Cowlitz
[bam_sort_core] merging from 0 files and 20 in-memory blocks...
cowlitz 55595.94_Cowlitz
[bam_sort_core] merging from 0 files and 20 in-memory blocks...
cowlitz 55595.95_Cowlitz
[bam_sort_core] merging from 0 files and 20 in-memory blocks...
cowlitz 55595.96_Cowlitz
[bam_sort_core] merging from 0 files and 20 in-memory blocks...
cowlitz 55595.97_Cowlitz
[bam_sort_core] merging from 0 files and 20 in-memory blocks...
cowlitz 55595.98_Cowlitz
cowlitz 55595.9_Cowlitz
[bam_sort_core] merging from 0 files and 20 in-memory blocks...
elwha_lyre 52518.10_Elwha_newNEB
[bam_sort_core] merging from 0 files and 20 in-memory blocks...
elwha_lyre 52518.10_Elwha_oldNEB
[bam_sort_core] merging from 0 files and 20 in-memory blocks...
elwha_lyre 52518.10_Lyre_newNEB
[bam_sort_core] merging from 0 files and 20 in-memory blocks...
elwha_lyre 52518.10_Lyre_oldNEB
[bam_sort_core] merging from 0 files and 20 in-memory blocks...
elwha_lyre 52518.11_Lyre_newNEB
[bam_sort_core] merging from 0 files and 20 in-memory blocks...
elwha_lyre 52518.11_Lyre_oldNEB
[bam_sort_core] merging from 0 files and 20 in-memory blocks...
elwha_lyre 52518.12_Lyre_newNEB
[bam_sort_core] merging from 0 files and 20 in-memory blocks...
elwha_lyre 52518.12_Lyre_oldNEB
[bam_sort_core] merging from 0 files and 20 in-memory blocks...
elwha_lyre 52518.13_Lyre_newNEB
[bam_sort_core] merging from 0 files and 20 in-memory blocks...
elwha_lyre 52518.13_Lyre_oldNEB
[bam_sort_core] merging from 0 files and 20 in-memory blocks...
elwha_lyre 52518.14_Lyre_newNEB
[bam_sort_core] merging from 0 files and 20 in-memory blocks...
elwha_lyre 52518.14_Lyre_oldNEB
[bam_sort_core] merging from 0 files and 20 in-memory blocks...
elwha_lyre 52518.15_Lyre_newNEB
[bam_sort_core] merging from 0 files and 20 in-memory blocks...
elwha_lyre 52518.15_Lyre_oldNEB
[bam_sort_core] merging from 0 files and 20 in-memory blocks...
elwha_lyre 52518.1_Elwha_newNEB
[bam_sort_core] merging from 0 files and 20 in-memory blocks...
elwha_lyre 52518.1_Elwha_oldNEB
[bam_sort_core] merging from 0 files and 20 in-memory blocks...
elwha_lyre 52518.1_Lyre_newNEB
[bam_sort_core] merging from 0 files and 20 in-memory blocks...
elwha_lyre 52518.1_Lyre_oldNEB
[bam_sort_core] merging from 0 files and 20 in-memory blocks...
elwha_lyre 52518.2_Elwha_newNEB
[bam_sort_core] merging from 0 files and 20 in-memory blocks...
elwha_lyre 52518.2_Elwha_oldNEB
[bam_sort_core] merging from 0 files and 20 in-memory blocks...
elwha_lyre 52518.2_Lyre_newNEB
[bam_sort_core] merging from 0 files and 20 in-memory blocks...
elwha_lyre 52518.2_Lyre_oldNEB
[bam_sort_core] merging from 0 files and 20 in-memory blocks...
elwha_lyre 52518.377_Lyre_newNEB
[bam_sort_core] merging from 0 files and 20 in-memory blocks...
elwha_lyre 52518.377_Lyre_oldNEB
[bam_sort_core] merging from 0 files and 20 in-memory blocks...
elwha_lyre 52518.378_Lyre_newNEB
[bam_sort_core] merging from 0 files and 20 in-memory blocks...
elwha_lyre 52518.378_Lyre_oldNEB
[bam_sort_core] merging from 0 files and 20 in-memory blocks...
elwha_lyre 52518.379_Lyre_newNEB
[bam_sort_core] merging from 0 files and 20 in-memory blocks...
elwha_lyre 52518.379_Lyre_oldNEB
[bam_sort_core] merging from 0 files and 20 in-memory blocks...
elwha_lyre 52518.380_Lyre_newNEB
[bam_sort_core] merging from 0 files and 20 in-memory blocks...
elwha_lyre 52518.380_Lyre_oldNEB
[bam_sort_core] merging from 0 files and 20 in-memory blocks...
elwha_lyre 52518.381_Lyre_newNEB
[bam_sort_core] merging from 0 files and 20 in-memory blocks...
elwha_lyre 52518.381_Lyre_oldNEB
[bam_sort_core] merging from 0 files and 20 in-memory blocks...
elwha_lyre 52518.382_Lyre_newNEB
[bam_sort_core] merging from 0 files and 20 in-memory blocks...
elwha_lyre 52518.382_Lyre_oldNEB
[bam_sort_core] merging from 0 files and 20 in-memory blocks...
elwha_lyre 52518.3_Elwha_newNEB
[bam_sort_core] merging from 0 files and 20 in-memory blocks...
elwha_lyre 52518.3_Elwha_oldNEB
[bam_sort_core] merging from 0 files and 20 in-memory blocks...
elwha_lyre 52518.3_Lyre_newNEB
[bam_sort_core] merging from 0 files and 20 in-memory blocks...
elwha_lyre 52518.3_Lyre_oldNEB
[bam_sort_core] merging from 0 files and 20 in-memory blocks...
elwha_lyre 52518.4_Elwha_newNEB
[bam_sort_core] merging from 0 files and 20 in-memory blocks...
elwha_lyre 52518.4_Elwha_oldNEB
[bam_sort_core] merging from 0 files and 20 in-memory blocks...
elwha_lyre 52518.4_Lyre_newNEB
[bam_sort_core] merging from 0 files and 20 in-memory blocks...
elwha_lyre 52518.4_Lyre_oldNEB
[bam_sort_core] merging from 0 files and 20 in-memory blocks...
elwha_lyre 52518.5_Elwha_newNEB
[bam_sort_core] merging from 0 files and 20 in-memory blocks...
elwha_lyre 52518.5_Elwha_oldNEB
[bam_sort_core] merging from 0 files and 20 in-memory blocks...
elwha_lyre 52518.5_Lyre_newNEB
[bam_sort_core] merging from 0 files and 20 in-memory blocks...
elwha_lyre 52518.5_Lyre_oldNEB
[bam_sort_core] merging from 0 files and 20 in-memory blocks...
elwha_lyre 52518.6_Elwha_newNEB
[bam_sort_core] merging from 0 files and 20 in-memory blocks...
elwha_lyre 52518.6_Elwha_oldNEB
[bam_sort_core] merging from 0 files and 20 in-memory blocks...
elwha_lyre 52518.6_Lyre_newNEB
[bam_sort_core] merging from 0 files and 20 in-memory blocks...
elwha_lyre 52518.6_Lyre_oldNEB
[bam_sort_core] merging from 0 files and 20 in-memory blocks...
elwha_lyre 52518.7_Lyre_newNEB
[bam_sort_core] merging from 0 files and 20 in-memory blocks...
elwha_lyre 52518.7_Lyre_oldNEB
[bam_sort_core] merging from 0 files and 20 in-memory blocks...
elwha_lyre 52518.8_Elwha_newNEB
[bam_sort_core] merging from 0 files and 20 in-memory blocks...
elwha_lyre 52518.8_Elwha_oldNEB
[bam_sort_core] merging from 0 files and 20 in-memory blocks...
elwha_lyre 52518.8_Lyre_newNEB
[bam_sort_core] merging from 0 files and 20 in-memory blocks...
elwha_lyre 52518.8_Lyre_oldNEB
[bam_sort_core] merging from 0 files and 20 in-memory blocks...
elwha_lyre 52518.9_Elwha_newNEB
[bam_sort_core] merging from 0 files and 20 in-memory blocks...
elwha_lyre 52518.9_Elwha_oldNEB
[bam_sort_core] merging from 0 files and 20 in-memory blocks...
elwha_lyre 52518.9_Lyre_newNEB
[bam_sort_core] merging from 0 files and 20 in-memory blocks...
elwha_lyre 52518.9_Lyre_oldNEB
[bam_sort_core] merging from 0 files and 20 in-memory blocks...
original 51888.10_Elwha
[bam_sort_core] merging from 0 files and 20 in-memory blocks...
original 51888.11_Elwha
[bam_sort_core] merging from 0 files and 20 in-memory blocks...
original 51888.12_Elwha
[bam_sort_core] merging from 0 files and 20 in-memory blocks...
original 51888.13_Elwha
[bam_sort_core] merging from 0 files and 20 in-memory blocks...
original 51888.14_Elwha
[bam_sort_core] merging from 0 files and 20 in-memory blocks...
original 51888.16_Elwha
[bam_sort_core] merging from 0 files and 20 in-memory blocks...
original 51888.17_Elwha
[bam_sort_core] merging from 0 files and 20 in-memory blocks...
original 51888.1_Elwha
[bam_sort_core] merging from 0 files and 20 in-memory blocks...
original 51888.2_Elwha
[bam_sort_core] merging from 0 files and 20 in-memory blocks...
original 51888.30_Elwha
[bam_sort_core] merging from 0 files and 20 in-memory blocks...
original 51888.3_Elwha
[bam_sort_core] merging from 0 files and 20 in-memory blocks...
original 51888.4_Elwha
[bam_sort_core] merging from 0 files and 20 in-memory blocks...
original 51888.6_Elwha
[bam_sort_core] merging from 0 files and 20 in-memory blocks...
original 51888.8_Elwha
[bam_sort_core] merging from 0 files and 20 in-memory blocks...
original 51888.9_Elwha
[bam_sort_core] merging from 0 files and 20 in-memory blocks...
original 51889.11_Elwha
[bam_sort_core] merging from 0 files and 20 in-memory blocks...
original 51889.13_Elwha
[bam_sort_core] merging from 0 files and 20 in-memory blocks...
original 51889.1_Elwha
[bam_sort_core] merging from 0 files and 20 in-memory blocks...
original 51889.2_Elwha
[bam_sort_core] merging from 0 files and 20 in-memory blocks...
original 51889.3_Elwha
[bam_sort_core] merging from 0 files and 20 in-memory blocks...
original 51889.5_Elwha
[bam_sort_core] merging from 0 files and 20 in-memory blocks...
original 51889.6_Elwha
[bam_sort_core] merging from 0 files and 20 in-memory blocks...
original 51889.7_Elwha
[bam_sort_core] merging from 0 files and 20 in-memory blocks...
original 51889.8_Elwha
[bam_sort_core] merging from 0 files and 20 in-memory blocks...
original 51889.9_Elwha
[bam_sort_core] merging from 0 files and 20 in-memory blocks...
original 51933.10_Cowlitz
[bam_sort_core] merging from 0 files and 20 in-memory blocks...
original 51933.12_Cowlitz
[bam_sort_core] merging from 0 files and 20 in-memory blocks...
original 51933.13_Cowlitz
[bam_sort_core] merging from 0 files and 20 in-memory blocks...
original 51933.14_Cowlitz
[bam_sort_core] merging from 0 files and 20 in-memory blocks...
original 51933.15_Cowlitz
[bam_sort_core] merging from 0 files and 20 in-memory blocks...
original 51933.16_Cowlitz
[bam_sort_core] merging from 0 files and 20 in-memory blocks...
original 51933.17_Cowlitz
[bam_sort_core] merging from 0 files and 20 in-memory blocks...
original 51933.18_Cowlitz
[bam_sort_core] merging from 0 files and 20 in-memory blocks...
original 51933.19_Cowlitz
[bam_sort_core] merging from 0 files and 20 in-memory blocks...
original 51933.1_Cowlitz
[bam_sort_core] merging from 0 files and 20 in-memory blocks...
original 51933.20_Cowlitz
[bam_sort_core] merging from 0 files and 20 in-memory blocks...
original 51933.21_Cowlitz
[bam_sort_core] merging from 0 files and 20 in-memory blocks...
original 51933.23_Cowlitz
[bam_sort_core] merging from 0 files and 20 in-memory blocks...
original 51933.24_Cowlitz
[bam_sort_core] merging from 0 files and 20 in-memory blocks...
original 51933.25_Cowlitz
[bam_sort_core] merging from 0 files and 20 in-memory blocks...
original 51933.26_Cowlitz
[bam_sort_core] merging from 0 files and 20 in-memory blocks...
original 51933.27_Cowlitz
[bam_sort_core] merging from 0 files and 20 in-memory blocks...
original 51933.28_Cowlitz
[bam_sort_core] merging from 0 files and 20 in-memory blocks...
original 51933.29_Cowlitz
[bam_sort_core] merging from 0 files and 20 in-memory blocks...
original 51933.2_Cowlitz
[bam_sort_core] merging from 0 files and 20 in-memory blocks...
original 51933.31_Cowlitz
[bam_sort_core] merging from 0 files and 20 in-memory blocks...
original 51933.32_Cowlitz
[bam_sort_core] merging from 0 files and 20 in-memory blocks...
original 51933.34_Cowlitz
[bam_sort_core] merging from 0 files and 20 in-memory blocks...
original 51933.35_Cowlitz
[bam_sort_core] merging from 0 files and 20 in-memory blocks...
original 51933.36_Cowlitz
[bam_sort_core] merging from 0 files and 20 in-memory blocks...
original 51933.37_Cowlitz
[bam_sort_core] merging from 0 files and 20 in-memory blocks...
original 51933.38_Cowlitz
[bam_sort_core] merging from 0 files and 20 in-memory blocks...
original 51933.39_Cowlitz
[bam_sort_core] merging from 0 files and 20 in-memory blocks...
original 51933.48_Cowlitz
[bam_sort_core] merging from 0 files and 20 in-memory blocks...
original 51933.4_Cowlitz
[bam_sort_core] merging from 0 files and 20 in-memory blocks...
original 51933.5_Cowlitz
[bam_sort_core] merging from 0 files and 20 in-memory blocks...
original 51933.6_Cowlitz
[bam_sort_core] merging from 0 files and 20 in-memory blocks...
original 51933.7_Cowlitz
[bam_sort_core] merging from 0 files and 20 in-memory blocks...
original 51933.8_Cowlitz
[bam_sort_core] merging from 0 files and 20 in-memory blocks...
original 51933.9_Cowlitz
[bam_sort_core] merging from 0 files and 20 in-memory blocks...
original 51934.10_Sandy
[bam_sort_core] merging from 0 files and 20 in-memory blocks...
original 51934.11_Sandy
[bam_sort_core] merging from 0 files and 20 in-memory blocks...
original 51934.12_Sandy
[bam_sort_core] merging from 0 files and 20 in-memory blocks...
original 51934.13_Sandy
[bam_sort_core] merging from 0 files and 20 in-memory blocks...
original 51934.14_Sandy
[bam_sort_core] merging from 0 files and 20 in-memory blocks...
original 51934.15_Sandy
[bam_sort_core] merging from 0 files and 20 in-memory blocks...
original 51934.16_Sandy
[bam_sort_core] merging from 0 files and 20 in-memory blocks...
original 51934.17_Sandy
[bam_sort_core] merging from 0 files and 20 in-memory blocks...
original 51934.18_Sandy
[bam_sort_core] merging from 0 files and 20 in-memory blocks...
original 51934.19_Sandy
[bam_sort_core] merging from 0 files and 20 in-memory blocks...
original 51934.1_Sandy
[bam_sort_core] merging from 0 files and 20 in-memory blocks...
original 51934.21_Sandy
[bam_sort_core] merging from 0 files and 20 in-memory blocks...
original 51934.22_Sandy
[bam_sort_core] merging from 0 files and 20 in-memory blocks...
original 51934.24_Sandy
[bam_sort_core] merging from 0 files and 20 in-memory blocks...
original 51934.25_Sandy
[bam_sort_core] merging from 0 files and 20 in-memory blocks...
original 51934.26_Sandy
[bam_sort_core] merging from 0 files and 20 in-memory blocks...
original 51934.27_Sandy
[bam_sort_core] merging from 0 files and 20 in-memory blocks...
original 51934.2_Sandy
[bam_sort_core] merging from 0 files and 20 in-memory blocks...
original 51934.33_Sandy
[bam_sort_core] merging from 0 files and 20 in-memory blocks...
original 51934.34_Sandy
[bam_sort_core] merging from 0 files and 20 in-memory blocks...
original 51934.35_Sandy
[bam_sort_core] merging from 0 files and 20 in-memory blocks...
original 51934.36_Sandy
[bam_sort_core] merging from 0 files and 20 in-memory blocks...
original 51934.37_Sandy
[bam_sort_core] merging from 0 files and 20 in-memory blocks...
original 51934.38_Sandy
[bam_sort_core] merging from 0 files and 20 in-memory blocks...
original 51934.39_Sandy
[bam_sort_core] merging from 0 files and 20 in-memory blocks...
original 51934.40_Sandy
[bam_sort_core] merging from 0 files and 20 in-memory blocks...
original 51934.41_Sandy
[bam_sort_core] merging from 0 files and 20 in-memory blocks...
original 51934.42_Sandy
[bam_sort_core] merging from 0 files and 20 in-memory blocks...
original 51934.43_Sandy
[bam_sort_core] merging from 0 files and 20 in-memory blocks...
original 51934.44_Sandy
[bam_sort_core] merging from 0 files and 20 in-memory blocks...
original 51934.45_Sandy
[bam_sort_core] merging from 0 files and 20 in-memory blocks...
original 51934.46_Sandy
[bam_sort_core] merging from 0 files and 20 in-memory blocks...
original 51934.5_Sandy
[bam_sort_core] merging from 0 files and 20 in-memory blocks...
original 51934.6_Sandy
[bam_sort_core] merging from 0 files and 20 in-memory blocks...
original 51934.7_Sandy
[bam_sort_core] merging from 0 files and 20 in-memory blocks...
original 51934.9_Sandy
[bam_sort_core] merging from 0 files and 20 in-memory blocks...
original 51983.10_Klamath
[bam_sort_core] merging from 0 files and 20 in-memory blocks...
original 51983.11_Klamath
[bam_sort_core] merging from 0 files and 20 in-memory blocks...
original 51983.12_Klamath
[bam_sort_core] merging from 0 files and 20 in-memory blocks...
original 51983.16_Klamath
[bam_sort_core] merging from 0 files and 20 in-memory blocks...
original 51983.17_Klamath
[bam_sort_core] merging from 0 files and 20 in-memory blocks...
original 51983.18_Klamath
[bam_sort_core] merging from 0 files and 20 in-memory blocks...
original 51983.19_Klamath
[bam_sort_core] merging from 0 files and 20 in-memory blocks...
original 51983.1_Klamath
[bam_sort_core] merging from 0 files and 20 in-memory blocks...
original 51983.20_Klamath
[bam_sort_core] merging from 0 files and 20 in-memory blocks...
original 51983.22_Klamath
[bam_sort_core] merging from 0 files and 20 in-memory blocks...
original 51983.23_Klamath
[bam_sort_core] merging from 0 files and 20 in-memory blocks...
original 51983.24_Klamath
[bam_sort_core] merging from 0 files and 20 in-memory blocks...
original 51983.25_Klamath
[bam_sort_core] merging from 0 files and 20 in-memory blocks...
original 51983.26_Klamath
[bam_sort_core] merging from 0 files and 20 in-memory blocks...
original 51983.27_Klamath
[bam_sort_core] merging from 0 files and 20 in-memory blocks...
original 51983.28_Klamath
[bam_sort_core] merging from 0 files and 20 in-memory blocks...
original 51983.29_Klamath
[bam_sort_core] merging from 0 files and 20 in-memory blocks...
original 51983.30_Klamath
[bam_sort_core] merging from 0 files and 20 in-memory blocks...
original 51983.31_Klamath
[bam_sort_core] merging from 0 files and 20 in-memory blocks...
original 51983.32_Klamath
[bam_sort_core] merging from 0 files and 20 in-memory blocks...
original 51983.34_Klamath
[bam_sort_core] merging from 0 files and 20 in-memory blocks...
original 51983.35_Klamath
[bam_sort_core] merging from 0 files and 20 in-memory blocks...
original 51983.36_Klamath
[bam_sort_core] merging from 0 files and 20 in-memory blocks...
original 51983.37_Klamath
[bam_sort_core] merging from 0 files and 20 in-memory blocks...
original 51983.3_Klamath
[bam_sort_core] merging from 0 files and 20 in-memory blocks...
original 51983.4_Klamath
[bam_sort_core] merging from 0 files and 20 in-memory blocks...
original 51983.5_Klamath
[bam_sort_core] merging from 0 files and 20 in-memory blocks...
original 51983.6_Klamath
[bam_sort_core] merging from 0 files and 20 in-memory blocks...
original 51983.7_Klamath
[bam_sort_core] merging from 0 files and 20 in-memory blocks...
original 51983.8_Klamath
[bam_sort_core] merging from 0 files and 20 in-memory blocks...
original 51983.9_Klamath
[bam_sort_core] merging from 0 files and 20 in-memory blocks...
original 51984.10_Klamath
[bam_sort_core] merging from 0 files and 20 in-memory blocks...
original 51984.11_Klamath
[bam_sort_core] merging from 0 files and 20 in-memory blocks...
original 51984.12_Klamath
[bam_sort_core] merging from 0 files and 20 in-memory blocks...
original 51984.13_Klamath
[bam_sort_core] merging from 0 files and 20 in-memory blocks...
original 51984.14_Klamath
[bam_sort_core] merging from 0 files and 20 in-memory blocks...
original 51984.15_Klamath
[bam_sort_core] merging from 0 files and 20 in-memory blocks...
original 51984.16_Klamath
[bam_sort_core] merging from 0 files and 20 in-memory blocks...
original 51984.17_Klamath
[bam_sort_core] merging from 0 files and 20 in-memory blocks...
original 51984.18_Klamath
[bam_sort_core] merging from 0 files and 20 in-memory blocks...
original 51984.19_Klamath
[bam_sort_core] merging from 0 files and 20 in-memory blocks...
original 51984.1_Klamath
[bam_sort_core] merging from 0 files and 20 in-memory blocks...
original 51984.20_Klamath
[bam_sort_core] merging from 0 files and 20 in-memory blocks...
original 51984.21_Klamath
[bam_sort_core] merging from 0 files and 20 in-memory blocks...
original 51984.22_Klamath
[bam_sort_core] merging from 0 files and 20 in-memory blocks...
original 51984.23_Klamath
[bam_sort_core] merging from 0 files and 20 in-memory blocks...
original 51984.24_Klamath
[bam_sort_core] merging from 0 files and 20 in-memory blocks...
original 51984.25_Klamath
[bam_sort_core] merging from 0 files and 20 in-memory blocks...
original 51984.26_Klamath
[bam_sort_core] merging from 0 files and 20 in-memory blocks...
original 51984.27_Klamath
[bam_sort_core] merging from 0 files and 20 in-memory blocks...
original 51984.28_Klamath
[bam_sort_core] merging from 0 files and 20 in-memory blocks...
original 51984.29_Klamath
[bam_sort_core] merging from 0 files and 20 in-memory blocks...
original 51984.2_Klamath
[bam_sort_core] merging from 0 files and 20 in-memory blocks...
original 51984.30_Klamath
[bam_sort_core] merging from 0 files and 20 in-memory blocks...
original 51984.31_Klamath
[bam_sort_core] merging from 0 files and 20 in-memory blocks...
original 51984.32_Klamath
[bam_sort_core] merging from 0 files and 20 in-memory blocks...
original 51984.34_Klamath
[bam_sort_core] merging from 0 files and 20 in-memory blocks...
original 51984.35_Klamath
[bam_sort_core] merging from 0 files and 20 in-memory blocks...
original 51984.36_Klamath
[bam_sort_core] merging from 0 files and 20 in-memory blocks...
original 51984.37_Klamath
[bam_sort_core] merging from 0 files and 20 in-memory blocks...
original 51984.3_Klamath
[bam_sort_core] merging from 0 files and 20 in-memory blocks...
original 51984.40_Klamath
[bam_sort_core] merging from 0 files and 20 in-memory blocks...
original 51984.41_Klamath
[bam_sort_core] merging from 0 files and 20 in-memory blocks...
original 51984.42_Klamath
[bam_sort_core] merging from 0 files and 20 in-memory blocks...
original 51984.43_Klamath
[bam_sort_core] merging from 0 files and 20 in-memory blocks...
original 51984.44_Klamath
[bam_sort_core] merging from 0 files and 20 in-memory blocks...
original 51984.45_Klamath
[bam_sort_core] merging from 0 files and 20 in-memory blocks...
original 51984.4_Klamath
[bam_sort_core] merging from 0 files and 20 in-memory blocks...
original 51984.5_Klamath
[bam_sort_core] merging from 0 files and 20 in-memory blocks...
original 51984.6_Klamath
[bam_sort_core] merging from 0 files and 20 in-memory blocks...
original 51984.7_Klamath
[bam_sort_core] merging from 0 files and 20 in-memory blocks...
original 51984.8_Klamath
[bam_sort_core] merging from 0 files and 20 in-memory blocks...
original 51984.9_Klamath
[bam_sort_core] merging from 0 files and 20 in-memory blocks...
original 51985.10_Klamath
[bam_sort_core] merging from 0 files and 20 in-memory blocks...
original 51985.11_Klamath
[bam_sort_core] merging from 0 files and 20 in-memory blocks...
original 51985.12_Klamath
[bam_sort_core] merging from 0 files and 20 in-memory blocks...
original 51985.13_Klamath
[bam_sort_core] merging from 0 files and 20 in-memory blocks...
original 51985.14_Klamath
[bam_sort_core] merging from 0 files and 20 in-memory blocks...
original 51985.15_Klamath
[bam_sort_core] merging from 0 files and 20 in-memory blocks...
original 51985.16_Klamath
[bam_sort_core] merging from 0 files and 20 in-memory blocks...
original 51985.17_Klamath
[bam_sort_core] merging from 0 files and 20 in-memory blocks...
original 51985.19_Klamath
[bam_sort_core] merging from 0 files and 20 in-memory blocks...
original 51985.20_Klamath
[bam_sort_core] merging from 0 files and 20 in-memory blocks...
original 51985.22_Klamath
[bam_sort_core] merging from 0 files and 20 in-memory blocks...
original 51985.23_Klamath
[bam_sort_core] merging from 0 files and 20 in-memory blocks...
original 51985.24_Klamath
[bam_sort_core] merging from 0 files and 20 in-memory blocks...
original 51985.25_Klamath
[bam_sort_core] merging from 0 files and 20 in-memory blocks...
original 51985.26_Klamath
[bam_sort_core] merging from 0 files and 20 in-memory blocks...
original 51985.27_Klamath
[bam_sort_core] merging from 0 files and 20 in-memory blocks...
original 51985.28_Klamath
[bam_sort_core] merging from 0 files and 20 in-memory blocks...
original 51985.29_Klamath
[bam_sort_core] merging from 0 files and 20 in-memory blocks...
original 51985.2_Klamath
[bam_sort_core] merging from 0 files and 20 in-memory blocks...
original 51985.30_Klamath
[bam_sort_core] merging from 0 files and 20 in-memory blocks...
original 51985.31_Klamath
[bam_sort_core] merging from 0 files and 20 in-memory blocks...
original 51985.32_Klamath
[bam_sort_core] merging from 0 files and 20 in-memory blocks...
original 51985.33_Klamath
[bam_sort_core] merging from 0 files and 20 in-memory blocks...
original 51985.34_Klamath
[bam_sort_core] merging from 0 files and 20 in-memory blocks...
original 51985.35_Klamath
[bam_sort_core] merging from 0 files and 20 in-memory blocks...
original 51985.36_Klamath
[bam_sort_core] merging from 0 files and 20 in-memory blocks...
original 51985.37_Klamath
[bam_sort_core] merging from 0 files and 20 in-memory blocks...
original 51985.38_Klamath
[bam_sort_core] merging from 0 files and 20 in-memory blocks...
original 51985.39_Klamath
original 51985.3_Klamath
[bam_sort_core] merging from 0 files and 20 in-memory blocks...
original 51985.40_Klamath
[bam_sort_core] merging from 0 files and 20 in-memory blocks...
original 51985.41_Klamath
[bam_sort_core] merging from 0 files and 20 in-memory blocks...
original 51985.42_Klamath
[bam_sort_core] merging from 0 files and 20 in-memory blocks...
original 51985.43_Klamath
[bam_sort_core] merging from 0 files and 20 in-memory blocks...
original 51985.44_Klamath
[bam_sort_core] merging from 0 files and 20 in-memory blocks...
original 51985.45_Klamath
[bam_sort_core] merging from 0 files and 20 in-memory blocks...
original 51985.4_Klamath
[bam_sort_core] merging from 0 files and 20 in-memory blocks...
original 51985.5_Klamath
[bam_sort_core] merging from 0 files and 20 in-memory blocks...
original 51985.6_Klamath
[bam_sort_core] merging from 0 files and 20 in-memory blocks...
original 51985.7_Klamath
[bam_sort_core] merging from 0 files and 20 in-memory blocks...
original 51985.8_Klamath
[bam_sort_core] merging from 0 files and 20 in-memory blocks...
original 51985.9_Klamath
[bam_sort_core] merging from 0 files and 20 in-memory blocks...
original 52028.01_Sandy
[bam_sort_core] merging from 0 files and 20 in-memory blocks...
original 52028.02_Sandy
[bam_sort_core] merging from 0 files and 20 in-memory blocks...
original 52028.03_Sandy
[bam_sort_core] merging from 0 files and 20 in-memory blocks...
original 52028.04_Sandy
[bam_sort_core] merging from 0 files and 20 in-memory blocks...
original 52028.05_Sandy
[bam_sort_core] merging from 0 files and 20 in-memory blocks...
original 52028.06_Sandy
[bam_sort_core] merging from 0 files and 20 in-memory blocks...
original 52028.07_Sandy
[bam_sort_core] merging from 0 files and 20 in-memory blocks...
original 52028.08_Sandy
[bam_sort_core] merging from 0 files and 20 in-memory blocks...
original 52028.09_Sandy
[bam_sort_core] merging from 0 files and 20 in-memory blocks...
original 52028.10_Sandy
[bam_sort_core] merging from 0 files and 20 in-memory blocks...
original 52028.11_Sandy
[bam_sort_core] merging from 0 files and 20 in-memory blocks...
original 52028.12_Sandy
[bam_sort_core] merging from 0 files and 20 in-memory blocks...
original 52028.13_Sandy
[bam_sort_core] merging from 0 files and 20 in-memory blocks...
original 52028.14_Sandy
[bam_sort_core] merging from 0 files and 20 in-memory blocks...
original 52028.15_Sandy
[bam_sort_core] merging from 0 files and 20 in-memory blocks...
original 52028.17_Sandy
[bam_sort_core] merging from 0 files and 20 in-memory blocks...
original 52028.20_Sandy
[bam_sort_core] merging from 0 files and 20 in-memory blocks...
original 52028.22_Sandy
[bam_sort_core] merging from 0 files and 20 in-memory blocks...
original 52028.24_Sandy
[bam_sort_core] merging from 0 files and 20 in-memory blocks...
original 52028.25_Sandy
[bam_sort_core] merging from 0 files and 20 in-memory blocks...
original 52034.01_Grays
[bam_sort_core] merging from 0 files and 20 in-memory blocks...
original 52034.08_Grays
[bam_sort_core] merging from 0 files and 20 in-memory blocks...
original 52034.09_Grays
[bam_sort_core] merging from 0 files and 20 in-memory blocks...
original 52034.10_Grays
[bam_sort_core] merging from 0 files and 20 in-memory blocks...
original 52034.11_Grays
[bam_sort_core] merging from 0 files and 20 in-memory blocks...
original 52034.12_Grays
[bam_sort_core] merging from 0 files and 20 in-memory blocks...
original 52034.13_Grays
[bam_sort_core] merging from 0 files and 20 in-memory blocks...
original 52034.14_Grays
[bam_sort_core] merging from 0 files and 20 in-memory blocks...
original 52034.16_Grays
[bam_sort_core] merging from 0 files and 20 in-memory blocks...
original 52034.17_Grays
[bam_sort_core] merging from 0 files and 20 in-memory blocks...
original 52034.25_Grays
[bam_sort_core] merging from 0 files and 20 in-memory blocks...
original 52034.27_Grays
[bam_sort_core] merging from 0 files and 20 in-memory blocks...
original 52034.28_Grays
[bam_sort_core] merging from 0 files and 20 in-memory blocks...
original 52034.29_Grays
[bam_sort_core] merging from 0 files and 20 in-memory blocks...
original 52034.30_Grays
[bam_sort_core] merging from 0 files and 20 in-memory blocks...
original 52034.32_Grays
[bam_sort_core] merging from 0 files and 20 in-memory blocks...
original 52034.33_Grays
[bam_sort_core] merging from 0 files and 20 in-memory blocks...
original 52034.34_Grays
[bam_sort_core] merging from 0 files and 20 in-memory blocks...
original 52034.35_Grays
[bam_sort_core] merging from 0 files and 20 in-memory blocks...
original 52034.36_Grays
[bam_sort_core] merging from 0 files and 20 in-memory blocks...
original 52034.37_Grays
[bam_sort_core] merging from 0 files and 20 in-memory blocks...
original 52034.38_Grays
[bam_sort_core] merging from 0 files and 20 in-memory blocks...
original 52034.39_Grays
[bam_sort_core] merging from 0 files and 20 in-memory blocks...
original 52034.40_Grays
[bam_sort_core] merging from 0 files and 20 in-memory blocks...
original 52034.41_Grays
[bam_sort_core] merging from 0 files and 20 in-memory blocks...
original 52034.42_Grays
[bam_sort_core] merging from 0 files and 20 in-memory blocks...
original 52034.43_Grays
[bam_sort_core] merging from 0 files and 20 in-memory blocks...
original 52034.44_Grays
[bam_sort_core] merging from 0 files and 20 in-memory blocks...
original 52034.45_Grays
[bam_sort_core] merging from 0 files and 20 in-memory blocks...
original 52034.46_Grays
[bam_sort_core] merging from 0 files and 20 in-memory blocks...
original 52034.47_Grays
[bam_sort_core] merging from 0 files and 20 in-memory blocks...
original 52034.48_Grays
[bam_sort_core] merging from 0 files and 20 in-memory blocks...
original 52041.119_Kemano
[bam_sort_core] merging from 0 files and 20 in-memory blocks...
original 52041.120_Kemano
[bam_sort_core] merging from 0 files and 20 in-memory blocks...
original 52041.121_Kemano
[bam_sort_core] merging from 0 files and 20 in-memory blocks...
original 52041.123_Kemano
[bam_sort_core] merging from 0 files and 20 in-memory blocks...
original 52041.124_Kemano
[bam_sort_core] merging from 0 files and 20 in-memory blocks...
original 52041.126_Kemano
[bam_sort_core] merging from 0 files and 20 in-memory blocks...
original 52041.127_Kemano
[bam_sort_core] merging from 0 files and 20 in-memory blocks...
original 52041.128_Kemano
[bam_sort_core] merging from 0 files and 20 in-memory blocks...
original 52041.129_Kemano
[bam_sort_core] merging from 0 files and 20 in-memory blocks...
original 52041.130_Kemano
[bam_sort_core] merging from 0 files and 20 in-memory blocks...
original 52041.131_Kemano
[bam_sort_core] merging from 0 files and 20 in-memory blocks...
original 52041.132_Kemano
[bam_sort_core] merging from 0 files and 20 in-memory blocks...
original 52041.133_Kemano
[bam_sort_core] merging from 0 files and 20 in-memory blocks...
original 52041.134_Kemano
[bam_sort_core] merging from 0 files and 20 in-memory blocks...
original 52041.137_Kemano
[bam_sort_core] merging from 0 files and 20 in-memory blocks...
original 52041.138_Kemano
[bam_sort_core] merging from 0 files and 20 in-memory blocks...
original 52041.139_Kemano
[bam_sort_core] merging from 0 files and 20 in-memory blocks...
original 52041.143_Kemano
[bam_sort_core] merging from 0 files and 20 in-memory blocks...
original 52041.144_Kemano
[bam_sort_core] merging from 0 files and 20 in-memory blocks...
original 52041.145_Kemano
[bam_sort_core] merging from 0 files and 20 in-memory blocks...
original 52041.147_Kemano
[bam_sort_core] merging from 0 files and 20 in-memory blocks...
original 52041.148_Kemano
[bam_sort_core] merging from 0 files and 20 in-memory blocks...
original 52041.149_Kemano
[bam_sort_core] merging from 0 files and 20 in-memory blocks...
original 52041.150_Kemano
[bam_sort_core] merging from 0 files and 20 in-memory blocks...
original 52041.151_Kemano
[bam_sort_core] merging from 0 files and 20 in-memory blocks...
original 52041.152_Kemano
[bam_sort_core] merging from 0 files and 20 in-memory blocks...
original 52041.153_Kemano
[bam_sort_core] merging from 0 files and 20 in-memory blocks...
original 52041.154_Kemano
[bam_sort_core] merging from 0 files and 20 in-memory blocks...
original 52041.155_Kemano
[bam_sort_core] merging from 0 files and 20 in-memory blocks...
original 52041.156_Kemano
[bam_sort_core] merging from 0 files and 20 in-memory blocks...
original 52041.157_Kemano
[bam_sort_core] merging from 0 files and 20 in-memory blocks...
original 52041.159_Kemano
[bam_sort_core] merging from 0 files and 20 in-memory blocks...
original 52041.160_Kemano
[bam_sort_core] merging from 0 files and 20 in-memory blocks...
original 52041.161_Kemano
[bam_sort_core] merging from 0 files and 20 in-memory blocks...
original 52041.162_Kemano
[bam_sort_core] merging from 0 files and 20 in-memory blocks...
original 52041.163_Kemano
[bam_sort_core] merging from 0 files and 20 in-memory blocks...
original 52041.164_Kemano
[bam_sort_core] merging from 0 files and 20 in-memory blocks...
original 52041.165_Kemano
[bam_sort_core] merging from 0 files and 20 in-memory blocks...
original 52041.166_Kemano
[bam_sort_core] merging from 0 files and 20 in-memory blocks...
original 52042.3303_Nass
[bam_sort_core] merging from 0 files and 20 in-memory blocks...
original 52042.3304_Nass
[bam_sort_core] merging from 0 files and 20 in-memory blocks...
original 52042.3305_Nass
[bam_sort_core] merging from 0 files and 20 in-memory blocks...
original 52042.3306_Nass
[bam_sort_core] merging from 0 files and 20 in-memory blocks...
original 52042.3308_Nass
[bam_sort_core] merging from 0 files and 20 in-memory blocks...
original 52042.3309_Nass
[bam_sort_core] merging from 0 files and 20 in-memory blocks...
original 52042.3310_Nass
[bam_sort_core] merging from 0 files and 20 in-memory blocks...
original 52042.3311_Nass
[bam_sort_core] merging from 0 files and 20 in-memory blocks...
original 52042.3312_Nass
[bam_sort_core] merging from 0 files and 20 in-memory blocks...
original 52042.3313_Nass
[bam_sort_core] merging from 0 files and 20 in-memory blocks...
original 52042.3314_Nass
[bam_sort_core] merging from 0 files and 20 in-memory blocks...
original 52042.3315_Nass
[bam_sort_core] merging from 0 files and 20 in-memory blocks...
original 52042.3316_Nass
[bam_sort_core] merging from 0 files and 20 in-memory blocks...
original 52042.3317_Nass
[bam_sort_core] merging from 0 files and 20 in-memory blocks...
original 52042.3318_Nass
[bam_sort_core] merging from 0 files and 20 in-memory blocks...
original 52042.3323_Nass
[bam_sort_core] merging from 0 files and 20 in-memory blocks...
original 52042.3324_Nass
[bam_sort_core] merging from 0 files and 20 in-memory blocks...
original 52042.3325_Nass
[bam_sort_core] merging from 0 files and 20 in-memory blocks...
original 52042.3326_Nass
[bam_sort_core] merging from 0 files and 20 in-memory blocks...
original 52042.3327_Nass
[bam_sort_core] merging from 0 files and 20 in-memory blocks...
original 52042.3328_Nass
[bam_sort_core] merging from 0 files and 20 in-memory blocks...
original 52042.3331_Nass
[bam_sort_core] merging from 0 files and 20 in-memory blocks...
original 52042.3332_Nass
[bam_sort_core] merging from 0 files and 20 in-memory blocks...
original 52042.3333_Nass
[bam_sort_core] merging from 0 files and 20 in-memory blocks...
original 52042.3334_Nass
[bam_sort_core] merging from 0 files and 20 in-memory blocks...
original 52042.3335_Nass
[bam_sort_core] merging from 0 files and 20 in-memory blocks...
original 52042.3337_Nass
[bam_sort_core] merging from 0 files and 20 in-memory blocks...
original 52042.3342_Nass
[bam_sort_core] merging from 0 files and 20 in-memory blocks...
original 52042.3343_Nass
[bam_sort_core] merging from 0 files and 20 in-memory blocks...
original 52042.3346_Nass
[bam_sort_core] merging from 0 files and 20 in-memory blocks...
original 52043.48_Skeena
[bam_sort_core] merging from 0 files and 20 in-memory blocks...
original 52043.49_Skeena
[bam_sort_core] merging from 0 files and 20 in-memory blocks...
original 52043.50_Skeena
[bam_sort_core] merging from 0 files and 20 in-memory blocks...
original 52043.52_Skeena
[bam_sort_core] merging from 0 files and 20 in-memory blocks...
original 52043.53_Skeena
[bam_sort_core] merging from 0 files and 20 in-memory blocks...
original 52043.56_Skeena
[bam_sort_core] merging from 0 files and 20 in-memory blocks...
original 52043.57_Skeena
[bam_sort_core] merging from 0 files and 20 in-memory blocks...
original 52043.60_Skeena
[bam_sort_core] merging from 0 files and 20 in-memory blocks...
original 52043.63_Skeena
[bam_sort_core] merging from 0 files and 20 in-memory blocks...
original 52043.65_Skeena
[bam_sort_core] merging from 0 files and 20 in-memory blocks...
original 52043.66_Skeena
[bam_sort_core] merging from 0 files and 20 in-memory blocks...
original 52043.72_Skeena
[bam_sort_core] merging from 0 files and 20 in-memory blocks...
original 52043.76_Skeena
[bam_sort_core] merging from 0 files and 20 in-memory blocks...
original 52043.77_Skeena
[bam_sort_core] merging from 0 files and 20 in-memory blocks...
original 52043.78_Skeena
[bam_sort_core] merging from 0 files and 20 in-memory blocks...
original 52043.80_Skeena
[bam_sort_core] merging from 0 files and 20 in-memory blocks...
original 52043.84_Skeena
[bam_sort_core] merging from 0 files and 20 in-memory blocks...
original 52043.87_Skeena
[bam_sort_core] merging from 0 files and 20 in-memory blocks...
original 52043.92_Skeena
[bam_sort_core] merging from 0 files and 20 in-memory blocks...
original 52044.501_Fraser
[bam_sort_core] merging from 0 files and 20 in-memory blocks...
original 52044.502_Fraser
[bam_sort_core] merging from 0 files and 20 in-memory blocks...
original 52044.504_Fraser
[bam_sort_core] merging from 0 files and 20 in-memory blocks...
original 52044.507_Fraser
[bam_sort_core] merging from 0 files and 20 in-memory blocks...
original 52044.508_Fraser
[bam_sort_core] merging from 0 files and 20 in-memory blocks...
original 52044.509_Fraser
[bam_sort_core] merging from 0 files and 20 in-memory blocks...
original 52044.510_Fraser
[bam_sort_core] merging from 0 files and 20 in-memory blocks...
original 52044.512_Fraser
[bam_sort_core] merging from 0 files and 20 in-memory blocks...
original 52044.513_Fraser
[bam_sort_core] merging from 0 files and 20 in-memory blocks...
original 52044.514_Fraser
[bam_sort_core] merging from 0 files and 20 in-memory blocks...
original 52044.515_Fraser
[bam_sort_core] merging from 0 files and 20 in-memory blocks...
original 52044.517_Fraser
[bam_sort_core] merging from 0 files and 20 in-memory blocks...
original 52044.518_Fraser
[bam_sort_core] merging from 0 files and 20 in-memory blocks...
original 52044.519_Fraser
[bam_sort_core] merging from 0 files and 20 in-memory blocks...
original 52044.520_Fraser
[bam_sort_core] merging from 0 files and 20 in-memory blocks...
original 52044.521_Fraser
[bam_sort_core] merging from 0 files and 20 in-memory blocks...
original 52044.522_Fraser
[bam_sort_core] merging from 0 files and 20 in-memory blocks...
original 52044.523_Fraser
[bam_sort_core] merging from 0 files and 20 in-memory blocks...
original 52044.524_Fraser
[bam_sort_core] merging from 0 files and 20 in-memory blocks...
original 52044.525_Fraser
[bam_sort_core] merging from 0 files and 20 in-memory blocks...
original 52044.526_Fraser
[bam_sort_core] merging from 0 files and 20 in-memory blocks...
original 52044.529_Fraser
[bam_sort_core] merging from 0 files and 20 in-memory blocks...
original 52044.530_Fraser
[bam_sort_core] merging from 0 files and 20 in-memory blocks...
original 52044.531_Fraser
[bam_sort_core] merging from 0 files and 20 in-memory blocks...
original 52044.532_Fraser
[bam_sort_core] merging from 0 files and 20 in-memory blocks...
original 52044.533_Fraser
[bam_sort_core] merging from 0 files and 20 in-memory blocks...
original 52044.535_Fraser
[bam_sort_core] merging from 0 files and 20 in-memory blocks...
original 52044.536_Fraser
[bam_sort_core] merging from 0 files and 20 in-memory blocks...
original 52044.537_Fraser
[bam_sort_core] merging from 0 files and 20 in-memory blocks...
original 52044.538_Fraser
[bam_sort_core] merging from 0 files and 20 in-memory blocks...
original 52044.539_Fraser
[bam_sort_core] merging from 0 files and 20 in-memory blocks...
original 52044.540_Fraser
[bam_sort_core] merging from 0 files and 20 in-memory blocks...
